#
# A fatal error has been detected by the Java Runtime Environment:
#
#  SIGBUS (0x7) at pc=0x00007f33949974e2, pid=11922, tid=0x00007f33979e8700
#
# JRE version: Java(TM) SE Runtime Environment (8.0_171-b11) (build 1.8.0_171-b11)
# Java VM: Java HotSpot(TM) 64-Bit Server VM (25.171-b11 mixed mode linux-amd64 compressed oops)
# Problematic frame:
# C  [libzip.so+0x124e2]  newEntry+0x62
#
# Failed to write core dump. Core dumps have been disabled. To enable core dumping, try "ulimit -c unlimited" before starting Java again
#
# If you would like to submit a bug report, please visit:
#   http://bugreport.java.com/bugreport/crash.jsp
# The crash happened outside the Java Virtual Machine in native code.
# See problematic frame for where to report the bug.
#

---------------  T H R E A D  ---------------

Current thread (0x00007f339000c800):  JavaThread "main" [_thread_in_native, id=11926, stack(0x00007f33978e9000,0x00007f33979e9000)]

siginfo: si_signo: 7 (SIGBUS), si_code: 2 (BUS_ADRERR), si_addr: 0x00007f3371b403ed

Registers:
RAX=0x00007f33906c8830, RBX=0x00007f33906ae420, RCX=0x00007f3390000020, RDX=0x00007f33906c8830
RSP=0x00007f33979e6bc0, RBP=0x00007f33979e6c10, RSI=0x00007f33906c8ac0, RDI=0x0000000000000250
R8 =0x0000000000000004, R9 =0x0000000000000000, R10=0x00007f33900008d0, R11=0x0000000000000002
R12=0x00007f3371b403d0, R13=0x00007f33906c8830, R14=0x000000004eecb6d3, R15=0x00007f33906ae240
RIP=0x00007f33949974e2, EFLAGS=0x0000000000010202, CSGSFS=0x002b000000000033, ERR=0x0000000000000004
  TRAPNO=0x000000000000000e

Top of Stack: (sp=0x00007f33979e6bc0)
0x00007f33979e6bc0:   00007f339000c800 00007f3300000000
0x00007f33979e6bd0:   00000001000007a8 00007f33966aaede
0x00007f33979e6be0:   00007f33906c8830 00007f33906ae420
0x00007f33979e6bf0:   00007f33906aa7e0 00007f33906ae240
0x00007f33979e6c00:   000000004eecb6d3 0000000000000010
0x00007f33979e6c10:   00007f33979e6c70 00007f3394997c3f
0x00007f33979e6c20:   00007f339000c800 00007f339000c800
0x00007f33979e6c30:   00007f33979e6c90 00007f33979e6ca1
0x00007f33979e6c40:   00007f33979e6c9f 00007f33979e6c90
0x00007f33979e6c50:   0000000000000010 00007f339000c9f8
0x00007f33979e6c60:   00007f33979e70e8 0000000000000000
0x00007f33979e6c70:   00007f33979e70d0 00007f3394988e90
0x00007f33979e6c80:   00007f33979e7110 00007f33906ae240
0x00007f33979e6c90:   73706f7250636f64 6c6d782e7070612f
0x00007f33979e6ca0:   00007f33979e6d00 00007f33965be2fe
0x00007f33979e6cb0:   00000000d8962850 00007f33979e6cb8
0x00007f33979e6cc0:   00007f3373a693a1 00007f33979e6d30
0x00007f33979e6cd0:   00007f3373a6a028 00007f3371094f80
0x00007f33979e6ce0:   00007f33716290f8 00007f339000c800
0x00007f33979e6cf0:   00007f339000c120 00007f33979e6e10
0x00007f33979e6d00:   00007f33716290f8 00007f33716290f8
0x00007f33979e6d10:   00007f33979e6da0 00007f33965be64e
0x00007f33979e6d20:   000000000000002a 00007f339000c800
0x00007f33979e6d30:   00000001001197c0 0000000100118690
0x00007f33979e6d40:   00007f33979e7110 0000000100118690
0x00007f33979e6d50:   00007f33716290f8 00007f339000c800
0x00007f33979e6d60:   00007f33716290f8 00007f339000c800
0x00007f33979e6d70:   00007f3300000001 00007f33979e6e20
0x00007f33979e6d80:   00007f33979e6e10 00007f33979e6e60
0x00007f33979e6d90:   00007f33979e6ef0 000000000000002a
0x00007f33979e6da0:   00007f33979e6eb0 00007f33965bf0f9
0x00007f33979e6db0:   00007f339000c800 00007f33906c1630 

Instructions: (pc=0x00007f33949974e2)
0x00007f33949974c2:   00 48 c7 40 28 00 00 00 00 41 80 7f 30 00 0f 84
0x00007f33949974d2:   8a 02 00 00 4c 8b 63 08 4d 2b 67 28 4d 03 67 18
0x00007f33949974e2:   41 0f b6 5c 24 1d 41 0f b6 44 24 1c c1 e3 08 09
0x00007f33949974f2:   c3 41 0f b6 44 24 1e 88 45 bd 41 0f b6 54 24 20 

Register to memory mapping:

RAX=0x00007f33906c8830 is an unknown value
RBX=0x00007f33906ae420 is an unknown value
RCX=0x00007f3390000020 is an unknown value
RDX=0x00007f33906c8830 is an unknown value
RSP=0x00007f33979e6bc0 is pointing into the stack for thread: 0x00007f339000c800
RBP=0x00007f33979e6c10 is pointing into the stack for thread: 0x00007f339000c800
RSI=0x00007f33906c8ac0 is an unknown value
RDI=0x0000000000000250 is an unknown value
R8 =0x0000000000000004 is an unknown value
R9 =0x0000000000000000 is an unknown value
R10=0x00007f33900008d0 is an unknown value
R11=0x0000000000000002 is an unknown value
R12=0x00007f3371b403d0 is an unknown value
R13=0x00007f33906c8830 is an unknown value
R14=0x000000004eecb6d3 is an unknown value
R15=0x00007f33906ae240 is an unknown value


Stack: [0x00007f33978e9000,0x00007f33979e9000],  sp=0x00007f33979e6bc0,  free space=1014k
Native frames: (J=compiled Java code, j=interpreted, Vv=VM code, C=native code)
C  [libzip.so+0x124e2]  newEntry+0x62
C  [libzip.so+0x12c3f]  ZIP_GetEntry2+0xff
C  [libzip.so+0x3e90]  Java_java_util_zip_ZipFile_getEntry+0xf0
J 89  java.util.zip.ZipFile.getEntry(J[BZ)J (0 bytes) @ 0x00007f3381142d4e [0x00007f3381142c80+0xce]
J 917 C1 java.util.zip.ZipFile.getInputStream(Ljava/util/zip/ZipEntry;)Ljava/io/InputStream; (304 bytes) @ 0x00007f338136e604 [0x00007f338136e280+0x384]
j  org.apache.poi.openxml4j.util.ZipSecureFile.getInputStream(Ljava/util/zip/ZipEntry;)Ljava/io/InputStream;+2
j  org.apache.poi.openxml4j.util.ZipFileZipEntrySource.getInputStream(Ljava/util/zip/ZipEntry;)Ljava/io/InputStream;+22
j  org.apache.poi.openxml4j.opc.ZipPackagePart.getInputStreamImpl()Ljava/io/InputStream;+14
j  org.apache.poi.openxml4j.opc.PackagePart.getInputStream()Ljava/io/InputStream;+1
j  org.apache.poi.POIXMLProperties.<init>(Lorg/apache/poi/openxml4j/opc/OPCPackage;)V+69
j  org.apache.poi.POIXMLDocument.getProperties()Lorg/apache/poi/POIXMLProperties;+16
j  org.apache.poi.POIXMLDocument.write(Ljava/io/OutputStream;)V+39
j  filterdata.WriteProductDetails.writeToExcel(Ljava/lang/String;Lfilterdata/SolrSearchResponse;)V+489
j  filterdata.WriteProductDetails.lambda$1(Ljava/lang/String;Lorg/apache/poi/ss/usermodel/Row;)V+121
j  filterdata.WriteProductDetails$$Lambda$3.accept(Ljava/lang/Object;)V+12
j  java.util.Iterator.forEachRemaining(Ljava/util/function/Consumer;)V+21
j  filterdata.WriteProductDetails.lambda$0(Ljava/lang/String;Lorg/apache/poi/ss/usermodel/Sheet;)V+54
j  filterdata.WriteProductDetails$$Lambda$2.accept(Ljava/lang/Object;)V+12
j  java.lang.Iterable.forEach(Ljava/util/function/Consumer;)V+30
j  filterdata.WriteProductDetails.readExcelFile(Ljava/io/File;Ljava/lang/String;)V+40
j  filterdata.WriteProductDetails.main([Ljava/lang/String;)V+24
v  ~StubRoutines::call_stub
V  [libjvm.so+0x695b96]  JavaCalls::call_helper(JavaValue*, methodHandle*, JavaCallArguments*, Thread*)+0x1056
V  [libjvm.so+0x6d7292]  jni_invoke_static(JNIEnv_*, JavaValue*, _jobject*, JNICallType, _jmethodID*, JNI_ArgumentPusher*, Thread*)+0x362
V  [libjvm.so+0x6f3afa]  jni_CallStaticVoidMethod+0x17a
C  [libjli.so+0x80ff]  JavaMain+0x81f
C  [libpthread.so.0+0x76db]  start_thread+0xdb

Java frames: (J=compiled Java code, j=interpreted, Vv=VM code)
J 89  java.util.zip.ZipFile.getEntry(J[BZ)J (0 bytes) @ 0x00007f3381142cd8 [0x00007f3381142c80+0x58]
J 917 C1 java.util.zip.ZipFile.getInputStream(Ljava/util/zip/ZipEntry;)Ljava/io/InputStream; (304 bytes) @ 0x00007f338136e604 [0x00007f338136e280+0x384]
j  org.apache.poi.openxml4j.util.ZipSecureFile.getInputStream(Ljava/util/zip/ZipEntry;)Ljava/io/InputStream;+2
j  org.apache.poi.openxml4j.util.ZipFileZipEntrySource.getInputStream(Ljava/util/zip/ZipEntry;)Ljava/io/InputStream;+22
j  org.apache.poi.openxml4j.opc.ZipPackagePart.getInputStreamImpl()Ljava/io/InputStream;+14
j  org.apache.poi.openxml4j.opc.PackagePart.getInputStream()Ljava/io/InputStream;+1
j  org.apache.poi.POIXMLProperties.<init>(Lorg/apache/poi/openxml4j/opc/OPCPackage;)V+69
j  org.apache.poi.POIXMLDocument.getProperties()Lorg/apache/poi/POIXMLProperties;+16
j  org.apache.poi.POIXMLDocument.write(Ljava/io/OutputStream;)V+39
j  filterdata.WriteProductDetails.writeToExcel(Ljava/lang/String;Lfilterdata/SolrSearchResponse;)V+489
j  filterdata.WriteProductDetails.lambda$1(Ljava/lang/String;Lorg/apache/poi/ss/usermodel/Row;)V+121
j  filterdata.WriteProductDetails$$Lambda$3.accept(Ljava/lang/Object;)V+12
j  java.util.Iterator.forEachRemaining(Ljava/util/function/Consumer;)V+21
j  filterdata.WriteProductDetails.lambda$0(Ljava/lang/String;Lorg/apache/poi/ss/usermodel/Sheet;)V+54
j  filterdata.WriteProductDetails$$Lambda$2.accept(Ljava/lang/Object;)V+12
j  java.lang.Iterable.forEach(Ljava/util/function/Consumer;)V+30
j  filterdata.WriteProductDetails.readExcelFile(Ljava/io/File;Ljava/lang/String;)V+40
j  filterdata.WriteProductDetails.main([Ljava/lang/String;)V+24
v  ~StubRoutines::call_stub

---------------  P R O C E S S  ---------------

Java Threads: ( => current thread )
  0x00007f33903ed000 JavaThread "Connection evictor" daemon [_thread_blocked, id=11943, stack(0x00007f337180a000,0x00007f337190b000)]
  0x00007f33900ca800 JavaThread "Service Thread" daemon [_thread_blocked, id=11941, stack(0x00007f3372411000,0x00007f3372512000)]
  0x00007f33900bf800 JavaThread "C1 CompilerThread2" daemon [_thread_blocked, id=11940, stack(0x00007f3372513000,0x00007f3372613000)]
  0x00007f33900be000 JavaThread "C2 CompilerThread1" daemon [_thread_blocked, id=11939, stack(0x00007f3372614000,0x00007f3372714000)]
  0x00007f33900bb000 JavaThread "C2 CompilerThread0" daemon [_thread_blocked, id=11938, stack(0x00007f3372715000,0x00007f3372815000)]
  0x00007f33900b9800 JavaThread "Signal Dispatcher" daemon [_thread_blocked, id=11937, stack(0x00007f3372815000,0x00007f3372916000)]
  0x00007f3390086800 JavaThread "Finalizer" daemon [_thread_blocked, id=11935, stack(0x00007f3372bf4000,0x00007f3372cf5000)]
  0x00007f3390082000 JavaThread "Reference Handler" daemon [_thread_blocked, id=11934, stack(0x00007f3372cf5000,0x00007f3372df6000)]
=>0x00007f339000c800 JavaThread "main" [_thread_in_native, id=11926, stack(0x00007f33978e9000,0x00007f33979e9000)]

Other Threads:
  0x00007f339007a800 VMThread [stack: 0x00007f3372df7000,0x00007f3372ef7000] [id=11933]
  0x00007f33900d0000 WatcherThread [stack: 0x00007f3372311000,0x00007f3372411000] [id=11942]

VM state:not at safepoint (normal execution)

VM Mutex/Monitor currently owned by a thread: None

Heap:
 PSYoungGen      total 36864K, used 33309K [0x00000000d6e00000, 0x00000000d9700000, 0x0000000100000000)
  eden space 31744K, 88% used [0x00000000d6e00000,0x00000000d898b770,0x00000000d8d00000)
  from space 5120K, 99% used [0x00000000d8d00000,0x00000000d91fbd30,0x00000000d9200000)
  to   space 5120K, 0% used [0x00000000d9200000,0x00000000d9200000,0x00000000d9700000)
 ParOldGen       total 84992K, used 1786K [0x0000000084a00000, 0x0000000089d00000, 0x00000000d6e00000)
  object space 84992K, 2% used [0x0000000084a00000,0x0000000084bbe828,0x0000000089d00000)
 Metaspace       used 16967K, capacity 17250K, committed 17536K, reserved 1064960K
  class space    used 2011K, capacity 2113K, committed 2176K, reserved 1048576K

Card table byte_map: [0x00007f33941e9000,0x00007f33945c5000] byte_map_base: 0x00007f3393dc4000

Marking Bits: (ParMarkBitMap*) 0x00007f3396d94280
 Begin Bits: [0x00007f3378250000, 0x00007f337a128000)
 End Bits:   [0x00007f337a128000, 0x00007f337c000000)

Polling page: 0x00007f3397a11000

CodeCache: size=245760Kb used=6122Kb max_used=6133Kb free=239637Kb
 bounds [0x00007f3381000000, 0x00007f3381610000, 0x00007f3390000000]
 total_blobs=2170 nmethods=1773 adapters=309
 compilation: enabled

Compilation events (10 events):
Event: 1.161 Thread 0x00007f33900bf800 1767       3       org.apache.xmlbeans.impl.store.Saver$TextSaver::emitAttrHelper (37 bytes)
Event: 1.161 Thread 0x00007f33900bf800 nmethod 1767 0x00007f33815fed50 code [0x00007f33815fef00, 0x00007f33815ff1d8]
Event: 1.161 Thread 0x00007f33900bf800 1763       3       org.apache.xmlbeans.impl.store.Saver$SynthNamespaceSaver::emitFinish (1 bytes)
Event: 1.161 Thread 0x00007f33900bf800 nmethod 1763 0x00007f33815ff310 code [0x00007f33815ff460, 0x00007f33815ff5b0]
Event: 1.161 Thread 0x00007f33900bf800 1762       3       org.apache.xmlbeans.impl.store.Xobj::invalidateSpecialAttr (78 bytes)
Event: 1.162 Thread 0x00007f33900bf800 nmethod 1762 0x00007f33815ff650 code [0x00007f33815ff860, 0x00007f3381600478]
Event: 1.162 Thread 0x00007f33900bf800 1772       3       org.apache.xmlbeans.impl.schema.SchemaTypeImpl::assertUnresolved (23 bytes)
Event: 1.162 Thread 0x00007f33900bf800 nmethod 1772 0x00007f3381600810 code [0x00007f3381600980, 0x00007f3381600c08]
Event: 1.162 Thread 0x00007f33900be000 nmethod 1769 0x00007f33815f1fd0 code [0x00007f33815f2120, 0x00007f33815f2198]
Event: 1.164 Thread 0x00007f33900bb000 1773       4       java.util.regex.Matcher::match (109 bytes)

GC Heap History (2 events):
Event: 0.633 GC heap before
{Heap before GC invocations=1 (full 0):
 PSYoungGen      total 36864K, used 31744K [0x00000000d6e00000, 0x00000000d9700000, 0x0000000100000000)
  eden space 31744K, 100% used [0x00000000d6e00000,0x00000000d8d00000,0x00000000d8d00000)
  from space 5120K, 0% used [0x00000000d9200000,0x00000000d9200000,0x00000000d9700000)
  to   space 5120K, 0% used [0x00000000d8d00000,0x00000000d8d00000,0x00000000d9200000)
 ParOldGen       total 84992K, used 0K [0x0000000084a00000, 0x0000000089d00000, 0x00000000d6e00000)
  object space 84992K, 0% used [0x0000000084a00000,0x0000000084a00000,0x0000000089d00000)
 Metaspace       used 12136K, capacity 12390K, committed 12544K, reserved 1060864K
  class space    used 1378K, capacity 1481K, committed 1536K, reserved 1048576K
Event: 0.638 GC heap after
Heap after GC invocations=1 (full 0):
 PSYoungGen      total 36864K, used 5103K [0x00000000d6e00000, 0x00000000d9700000, 0x0000000100000000)
  eden space 31744K, 0% used [0x00000000d6e00000,0x00000000d6e00000,0x00000000d8d00000)
  from space 5120K, 99% used [0x00000000d8d00000,0x00000000d91fbd30,0x00000000d9200000)
  to   space 5120K, 0% used [0x00000000d9200000,0x00000000d9200000,0x00000000d9700000)
 ParOldGen       total 84992K, used 1786K [0x0000000084a00000, 0x0000000089d00000, 0x00000000d6e00000)
  object space 84992K, 2% used [0x0000000084a00000,0x0000000084bbe828,0x0000000089d00000)
 Metaspace       used 12136K, capacity 12390K, committed 12544K, reserved 1060864K
  class space    used 1378K, capacity 1481K, committed 1536K, reserved 1048576K
}

Deoptimization events (10 events):
Event: 0.991 Thread 0x00007f339000c800 Uncommon trap: reason=unstable_if action=reinterpret pc=0x00007f338153993c method=javax.xml.namespace.QName.equals(Ljava/lang/Object;)Z @ 2
Event: 0.991 Thread 0x00007f339000c800 Uncommon trap: reason=class_check action=maybe_recompile pc=0x00007f33812efe7c method=java.util.Collections$UnmodifiableCollection$1.next()Ljava/lang/Object; @ 4
Event: 0.991 Thread 0x00007f339000c800 Uncommon trap: reason=class_check action=maybe_recompile pc=0x00007f33812efe7c method=java.util.Collections$UnmodifiableCollection$1.next()Ljava/lang/Object; @ 4
Event: 0.992 Thread 0x00007f339000c800 Uncommon trap: reason=class_check action=maybe_recompile pc=0x00007f33812efe7c method=java.util.Collections$UnmodifiableCollection$1.next()Ljava/lang/Object; @ 4
Event: 0.992 Thread 0x00007f339000c800 Uncommon trap: reason=class_check action=maybe_recompile pc=0x00007f33812efe7c method=java.util.Collections$UnmodifiableCollection$1.next()Ljava/lang/Object; @ 4
Event: 1.001 Thread 0x00007f339000c800 Uncommon trap: reason=unstable_if action=reinterpret pc=0x00007f33812f0454 method=java.util.concurrent.ConcurrentHashMap.addCount(JI)V @ 121
Event: 1.050 Thread 0x00007f339000c800 Uncommon trap: reason=unstable_if action=reinterpret pc=0x00007f33813043e0 method=java.util.concurrent.ConcurrentHashMap.putVal(Ljava/lang/Object;Ljava/lang/Object;Z)Ljava/lang/Object; @ 181
Event: 1.098 Thread 0x00007f339000c800 Uncommon trap: reason=unstable_if action=reinterpret pc=0x00007f33814ff7ac method=com.sun.org.apache.xerces.internal.dom.DeferredDocumentImpl.getPrevSibling(IZ)I @ 52
Event: 1.107 Thread 0x00007f339000c800 Uncommon trap: reason=unstable_if action=reinterpret pc=0x00007f338158d064 method=org.apache.xmlbeans.impl.store.Xobj.getAttr(Ljavax/xml/namespace/QName;)Lorg/apache/xmlbeans/impl/store/Xobj; @ 6
Event: 1.107 Thread 0x00007f339000c800 Uncommon trap: reason=predicate action=maybe_recompile pc=0x00007f338157d12c method=java.lang.String.regionMatches(ZILjava/lang/String;II)Z @ 63

Classes redefined (0 events):
No events

Internal exceptions (10 events):
Event: 0.677 Thread 0x00007f339000c800 Exception <a 'java/security/PrivilegedActionException'> (0x00000000d70f90c0) thrown at [/HUDSON/workspace/8-2-build-linux-amd64/jdk8u171/10807/hotspot/src/share/vm/prims/jvm.cpp, line 1435]
Event: 0.677 Thread 0x00007f339000c800 Exception <a 'java/security/PrivilegedActionException'> (0x00000000d70f94b8) thrown at [/HUDSON/workspace/8-2-build-linux-amd64/jdk8u171/10807/hotspot/src/share/vm/prims/jvm.cpp, line 1435]
Event: 0.678 Thread 0x00007f339000c800 Exception <a 'java/security/PrivilegedActionException'> (0x00000000d7109e50) thrown at [/HUDSON/workspace/8-2-build-linux-amd64/jdk8u171/10807/hotspot/src/share/vm/prims/jvm.cpp, line 1435]
Event: 0.678 Thread 0x00007f339000c800 Exception <a 'java/security/PrivilegedActionException'> (0x00000000d710a248) thrown at [/HUDSON/workspace/8-2-build-linux-amd64/jdk8u171/10807/hotspot/src/share/vm/prims/jvm.cpp, line 1435]
Event: 0.678 Thread 0x00007f339000c800 Exception <a 'java/security/PrivilegedActionException'> (0x00000000d710f850) thrown at [/HUDSON/workspace/8-2-build-linux-amd64/jdk8u171/10807/hotspot/src/share/vm/prims/jvm.cpp, line 1435]
Event: 0.678 Thread 0x00007f339000c800 Exception <a 'java/security/PrivilegedActionException'> (0x00000000d710fc48) thrown at [/HUDSON/workspace/8-2-build-linux-amd64/jdk8u171/10807/hotspot/src/share/vm/prims/jvm.cpp, line 1435]
Event: 0.678 Thread 0x00007f339000c800 Exception <a 'java/security/PrivilegedActionException'> (0x00000000d7115498) thrown at [/HUDSON/workspace/8-2-build-linux-amd64/jdk8u171/10807/hotspot/src/share/vm/prims/jvm.cpp, line 1435]
Event: 0.678 Thread 0x00007f339000c800 Exception <a 'java/security/PrivilegedActionException'> (0x00000000d7115890) thrown at [/HUDSON/workspace/8-2-build-linux-amd64/jdk8u171/10807/hotspot/src/share/vm/prims/jvm.cpp, line 1435]
Event: 0.678 Thread 0x00007f339000c800 Exception <a 'java/security/PrivilegedActionException'> (0x00000000d711b110) thrown at [/HUDSON/workspace/8-2-build-linux-amd64/jdk8u171/10807/hotspot/src/share/vm/prims/jvm.cpp, line 1435]
Event: 0.678 Thread 0x00007f339000c800 Exception <a 'java/security/PrivilegedActionException'> (0x00000000d711b508) thrown at [/HUDSON/workspace/8-2-build-linux-amd64/jdk8u171/10807/hotspot/src/share/vm/prims/jvm.cpp, line 1435]

Events (10 events):
Event: 1.161 loading class org/openxmlformats/schemas/officeDocument/x2006/customProperties/PropertiesDocument
Event: 1.161 loading class org/openxmlformats/schemas/officeDocument/x2006/customProperties/PropertiesDocument done
Event: 1.161 loading class org/openxmlformats/schemas/officeDocument/x2006/customProperties/impl/PropertiesDocumentImpl
Event: 1.161 loading class org/openxmlformats/schemas/officeDocument/x2006/customProperties/impl/PropertiesDocumentImpl done
Event: 1.162 loading class org/openxmlformats/schemas/officeDocument/x2006/customProperties/impl/CTPropertiesImpl
Event: 1.162 loading class org/openxmlformats/schemas/officeDocument/x2006/customProperties/impl/CTPropertiesImpl done
Event: 1.163 loading class org/openxmlformats/schemas/officeDocument/x2006/customProperties/CTProperties
Event: 1.163 loading class org/openxmlformats/schemas/officeDocument/x2006/customProperties/CTProperties done
Event: 1.163 loading class org/apache/poi/POIXMLProperties$CoreProperties
Event: 1.163 loading class org/apache/poi/POIXMLProperties$CoreProperties done


Dynamic libraries:
00400000-00401000 r-xp 00000000 08:01 29231547                           /usr/lib/jvm/java-8-oracle/bin/java
00600000-00601000 rw-p 00000000 08:01 29231547                           /usr/lib/jvm/java-8-oracle/bin/java
01b64000-01b85000 rw-p 00000000 00:00 0                                  [heap]
84a00000-89d00000 rw-p 00000000 00:00 0 
89d00000-d6e00000 ---p 00000000 00:00 0 
d6e00000-d9700000 rw-p 00000000 00:00 0 
d9700000-100000000 ---p 00000000 00:00 0 
100000000-100220000 rw-p 00000000 00:00 0 
100220000-140000000 ---p 00000000 00:00 0 
7f333c000000-7f333c021000 rw-p 00000000 00:00 0 
7f333c021000-7f3340000000 ---p 00000000 00:00 0 
7f3344000000-7f3344021000 rw-p 00000000 00:00 0 
7f3344021000-7f3348000000 ---p 00000000 00:00 0 
7f3348000000-7f3348021000 rw-p 00000000 00:00 0 
7f3348021000-7f334c000000 ---p 00000000 00:00 0 
7f334c000000-7f334c43f000 rw-p 00000000 00:00 0 
7f334c43f000-7f3350000000 ---p 00000000 00:00 0 
7f3350000000-7f33503ba000 rw-p 00000000 00:00 0 
7f33503ba000-7f3354000000 ---p 00000000 00:00 0 
7f3354000000-7f3354021000 rw-p 00000000 00:00 0 
7f3354021000-7f3358000000 ---p 00000000 00:00 0 
7f3358000000-7f3358440000 rw-p 00000000 00:00 0 
7f3358440000-7f335c000000 ---p 00000000 00:00 0 
7f335c000000-7f335c021000 rw-p 00000000 00:00 0 
7f335c021000-7f3360000000 ---p 00000000 00:00 0 
7f3360000000-7f3360021000 rw-p 00000000 00:00 0 
7f3360021000-7f3364000000 ---p 00000000 00:00 0 
7f3364000000-7f3364021000 rw-p 00000000 00:00 0 
7f3364021000-7f3368000000 ---p 00000000 00:00 0 
7f3368000000-7f3368021000 rw-p 00000000 00:00 0 
7f3368021000-7f336c000000 ---p 00000000 00:00 0 
7f336c000000-7f336c021000 rw-p 00000000 00:00 0 
7f336c021000-7f3370000000 ---p 00000000 00:00 0 
7f337100a000-7f337110a000 rw-p 00000000 00:00 0 
7f337110a000-7f337120a000 ---p 00000000 00:00 0 
7f337120a000-7f337140a000 rw-p 00000000 00:00 0 
7f337140a000-7f337160a000 rw-p 00000000 00:00 0 
7f337160a000-7f337180a000 rw-p 00000000 00:00 0 
7f337180a000-7f337180d000 ---p 00000000 00:00 0 
7f337180d000-7f337190b000 rw-p 00000000 00:00 0 
7f337190b000-7f3371922000 r-xp 00000000 08:01 2230004                    /lib/x86_64-linux-gnu/libgcc_s.so.1
7f3371922000-7f3371b21000 ---p 00017000 08:01 2230004                    /lib/x86_64-linux-gnu/libgcc_s.so.1
7f3371b21000-7f3371b22000 r--p 00016000 08:01 2230004                    /lib/x86_64-linux-gnu/libgcc_s.so.1
7f3371b22000-7f3371b23000 rw-p 00017000 08:01 2230004                    /lib/x86_64-linux-gnu/libgcc_s.so.1
7f3371b40000-7f3371b41000 r--s 00001000 08:01 3214827                    /home/testingteam/Desktop/Sheet1.xlsx
7f3371b41000-7f3371b46000 r--s 002f9000 08:01 29235826                   /usr/lib/jvm/java-8-oracle/jre/lib/charsets.jar
7f3371b46000-7f3371b48000 r--s 00002000 08:01 3175071                    /home/testingteam/Desktop/demo2.xlsx
7f3371b48000-7f3371b7a000 r-xp 00000000 08:01 29633335                   /usr/lib/jvm/java-8-oracle/jre/lib/amd64/libsunec.so
7f3371b7a000-7f3371d79000 ---p 00032000 08:01 29633335                   /usr/lib/jvm/java-8-oracle/jre/lib/amd64/libsunec.so
7f3371d79000-7f3371d7f000 rw-p 00031000 08:01 29633335                   /usr/lib/jvm/java-8-oracle/jre/lib/amd64/libsunec.so
7f3371d7f000-7f3371d8f000 rw-p 00000000 00:00 0 
7f3371d8f000-7f3371da5000 r-xp 00000000 08:01 29633384                   /usr/lib/jvm/java-8-oracle/jre/lib/amd64/libnet.so
7f3371da5000-7f3371fa5000 ---p 00016000 08:01 29633384                   /usr/lib/jvm/java-8-oracle/jre/lib/amd64/libnet.so
7f3371fa5000-7f3371fa6000 rw-p 00016000 08:01 29633384                   /usr/lib/jvm/java-8-oracle/jre/lib/amd64/libnet.so
7f3371fa6000-7f3371fb7000 r-xp 00000000 08:01 29633387                   /usr/lib/jvm/java-8-oracle/jre/lib/amd64/libnio.so
7f3371fb7000-7f33721b6000 ---p 00011000 08:01 29633387                   /usr/lib/jvm/java-8-oracle/jre/lib/amd64/libnio.so
7f33721b6000-7f33721b7000 rw-p 00010000 08:01 29633387                   /usr/lib/jvm/java-8-oracle/jre/lib/amd64/libnio.so
7f33721b7000-7f33721ba000 r--s 0001a000 08:01 29235969                   /usr/lib/jvm/java-8-oracle/jre/lib/jce.jar
7f33721ba000-7f33721bf000 r--s 0009d000 08:01 29235887                   /usr/lib/jvm/java-8-oracle/jre/lib/jsse.jar
7f33721bf000-7f33721d5000 r--s 00175000 08:01 6692974                    /home/testingteam/.m2/repository/org/projectlombok/lombok/1.18.0/lombok-1.18.0.jar
7f33721d5000-7f33721dd000 r--s 00072000 08:01 6692373                    /home/testingteam/.m2/repository/org/apache/commons/commons-lang3/3.7/commons-lang3-3.7.jar
7f33721dd000-7f33721e3000 r--s 00071000 08:01 14171279                   /home/testingteam/.m2/repository/org/codehaus/woodstox/woodstox-core-asl/4.4.1/woodstox-core-asl-4.4.1.jar
7f33721e3000-7f33721f0000 r--s 000cc000 08:01 12080782                   /home/testingteam/.m2/repository/org/apache/zookeeper/zookeeper/3.4.11/zookeeper-3.4.11.jar
7f33721f0000-7f3372217000 r--s 001f6000 08:01 12861311                   /home/testingteam/.m2/repository/org/apache/commons/commons-math3/3.6.1/commons-math3-3.6.1.jar
7f3372217000-7f3372255000 r--s 0025d000 08:01 9184561                    /home/testingteam/.m2/repository/org/apache/xmlbeans/xmlbeans/2.6.0/xmlbeans-2.6.0.jar
7f3372255000-7f3372310000 r--s 004ec000 08:01 14171266                   /home/testingteam/.m2/repository/org/apache/poi/poi-ooxml-schemas/3.17/poi-ooxml-schemas-3.17.jar
7f3372310000-7f3372311000 ---p 00000000 00:00 0 
7f3372311000-7f3372411000 rw-p 00000000 00:00 0 
7f3372411000-7f3372414000 ---p 00000000 00:00 0 
7f3372414000-7f3372512000 rw-p 00000000 00:00 0 
7f3372512000-7f3372513000 ---p 00000000 00:00 0 
7f3372513000-7f3372516000 ---p 00000000 00:00 0 
7f3372516000-7f3372613000 rw-p 00000000 00:00 0 
7f3372613000-7f3372614000 ---p 00000000 00:00 0 
7f3372614000-7f3372617000 ---p 00000000 00:00 0 
7f3372617000-7f3372714000 rw-p 00000000 00:00 0 
7f3372714000-7f3372715000 ---p 00000000 00:00 0 
7f3372715000-7f3372718000 ---p 00000000 00:00 0 
7f3372718000-7f3372815000 rw-p 00000000 00:00 0 
7f3372815000-7f3372818000 ---p 00000000 00:00 0 
7f3372818000-7f3372916000 rw-p 00000000 00:00 0 
7f3372916000-7f3372bf4000 r--p 00000000 08:01 28976415                   /usr/lib/locale/locale-archive
7f3372bf4000-7f3372bf7000 ---p 00000000 00:00 0 
7f3372bf7000-7f3372cf5000 rw-p 00000000 00:00 0 
7f3372cf5000-7f3372cf8000 ---p 00000000 00:00 0 
7f3372cf8000-7f3372df6000 rw-p 00000000 00:00 0 
7f3372df6000-7f3372df7000 ---p 00000000 00:00 0 
7f3372df7000-7f3374000000 rw-p 00000000 00:00 0 
7f3374000000-7f3374021000 rw-p 00000000 00:00 0 
7f3374021000-7f3378000000 ---p 00000000 00:00 0 
7f3378000000-7f3378002000 r--s 00009000 08:01 29235890                   /usr/lib/jvm/java-8-oracle/jre/lib/ext/sunec.jar
7f3378002000-7f3378004000 r--s 00009000 08:01 8534070                    /home/testingteam/.m2/repository/org/slf4j/slf4j-api/1.7.24/slf4j-api-1.7.24.jar
7f3378004000-7f3378008000 r--s 00024000 08:01 14041791                   /home/testingteam/.m2/repository/org/codehaus/woodstox/stax2-api/3.1.4/stax2-api-3.1.4.jar
7f3378008000-7f3378010000 r--s 00048000 08:01 12080778                   /home/testingteam/.m2/repository/org/apache/httpcomponents/httpcore/4.4.6/httpcore-4.4.6.jar
7f3378010000-7f337801d000 r--s 000aa000 08:01 11928821                   /home/testingteam/.m2/repository/org/apache/httpcomponents/httpclient/4.5.3/httpclient-4.5.3.jar
7f337801d000-7f337803b000 r--s 00197000 08:01 8147317                    /home/testingteam/.m2/repository/org/apache/solr/solr-solrj/7.4.0/solr-solrj-7.4.0.jar
7f337803b000-7f337804e000 r--s 00157000 08:01 14171264                   /home/testingteam/.m2/repository/org/apache/poi/poi-ooxml/3.17/poi-ooxml-3.17.jar
7f337804e000-7f337c000000 rw-p 00000000 00:00 0 
7f337c000000-7f337c021000 rw-p 00000000 00:00 0 
7f337c021000-7f3380000000 ---p 00000000 00:00 0 
7f3380000000-7f3380002000 r--s 00003000 08:01 14171283                   /home/testingteam/.m2/repository/org/slf4j/jcl-over-slf4j/1.7.24/jcl-over-slf4j-1.7.24.jar
7f3380002000-7f3380004000 r--s 00009000 08:01 12080780                   /home/testingteam/.m2/repository/org/apache/httpcomponents/httpmime/4.5.3/httpmime-4.5.3.jar
7f3380004000-7f3380008000 r--s 0002f000 08:01 4065562                    /home/testingteam/.m2/repository/commons-io/commons-io/2.5/commons-io-2.5.jar
7f3380008000-7f338000c000 r--s 00015000 08:01 15212248                   /home/testingteam/.m2/repository/com/github/virtuald/curvesapi/1.04/curvesapi-1.04.jar
7f338000c000-7f338001c000 r--s 000a8000 08:01 12733224                   /home/testingteam/.m2/repository/org/apache/commons/commons-collections4/4.1/commons-collections4-4.1.jar
7f338001c000-7f3380023000 r--s 0003f000 08:01 4081579                    /home/testingteam/.m2/repository/commons-codec/commons-codec/1.10/commons-codec-1.10.jar
7f3380023000-7f338004f000 r--s 00268000 08:01 14171262                   /home/testingteam/.m2/repository/org/apache/poi/poi/3.17/poi-3.17.jar
7f338004f000-7f33804b6000 rw-p 00000000 00:00 0 
7f33804b6000-7f3380690000 r--s 03d68000 08:01 29235828                   /usr/lib/jvm/java-8-oracle/jre/lib/rt.jar
7f3380690000-7f3380a6b000 rw-p 00000000 00:00 0 
7f3380a6b000-7f3380a6c000 ---p 00000000 00:00 0 
7f3380a6c000-7f3380b6c000 rw-p 00000000 00:00 0 
7f3380b6c000-7f3380b6d000 ---p 00000000 00:00 0 
7f3380b6d000-7f3380c6d000 rw-p 00000000 00:00 0 
7f3380c6d000-7f3380c6e000 ---p 00000000 00:00 0 
7f3380c6e000-7f3380d98000 rw-p 00000000 00:00 0 
7f3380d98000-7f3381000000 ---p 00000000 00:00 0 
7f3381000000-7f3381610000 rwxp 00000000 00:00 0 
7f3381610000-7f3390000000 ---p 00000000 00:00 0 
7f3390000000-7f3390971000 rw-p 00000000 00:00 0 
7f3390971000-7f3394000000 ---p 00000000 00:00 0 
7f3394000000-7f3394002000 r--s 00005000 08:01 4065596                    /home/testingteam/.m2/repository/stax/stax-api/1.0.1/stax-api-1.0.1.jar
7f3394002000-7f33940e8000 rw-p 00000000 00:00 0 
7f33940e8000-7f33940e9000 ---p 00000000 00:00 0 
7f33940e9000-7f3394213000 rw-p 00000000 00:00 0 
7f3394213000-7f339447b000 ---p 00000000 00:00 0 
7f339447b000-7f3394490000 rw-p 00000000 00:00 0 
7f3394490000-7f33945c4000 ---p 00000000 00:00 0 
7f33945c4000-7f33945de000 rw-p 00000000 00:00 0 
7f33945de000-7f3394985000 ---p 00000000 00:00 0 
7f3394985000-7f33949a0000 r-xp 00000000 08:01 29633380                   /usr/lib/jvm/java-8-oracle/jre/lib/amd64/libzip.so
7f33949a0000-7f3394ba0000 ---p 0001b000 08:01 29633380                   /usr/lib/jvm/java-8-oracle/jre/lib/amd64/libzip.so
7f3394ba0000-7f3394ba1000 rw-p 0001b000 08:01 29633380                   /usr/lib/jvm/java-8-oracle/jre/lib/amd64/libzip.so
7f3394ba1000-7f3394bac000 r-xp 00000000 08:01 2229904                    /lib/x86_64-linux-gnu/libnss_files-2.27.so
7f3394bac000-7f3394dab000 ---p 0000b000 08:01 2229904                    /lib/x86_64-linux-gnu/libnss_files-2.27.so
7f3394dab000-7f3394dac000 r--p 0000a000 08:01 2229904                    /lib/x86_64-linux-gnu/libnss_files-2.27.so
7f3394dac000-7f3394dad000 rw-p 0000b000 08:01 2229904                    /lib/x86_64-linux-gnu/libnss_files-2.27.so
7f3394dad000-7f3394db3000 rw-p 00000000 00:00 0 
7f3394db3000-7f3394dca000 r-xp 00000000 08:01 2229892                    /lib/x86_64-linux-gnu/libnsl-2.27.so
7f3394dca000-7f3394fc9000 ---p 00017000 08:01 2229892                    /lib/x86_64-linux-gnu/libnsl-2.27.so
7f3394fc9000-7f3394fca000 r--p 00016000 08:01 2229892                    /lib/x86_64-linux-gnu/libnsl-2.27.so
7f3394fca000-7f3394fcb000 rw-p 00017000 08:01 2229892                    /lib/x86_64-linux-gnu/libnsl-2.27.so
7f3394fcb000-7f3394fcd000 rw-p 00000000 00:00 0 
7f3394fcd000-7f3394fd8000 r-xp 00000000 08:01 2229912                    /lib/x86_64-linux-gnu/libnss_nis-2.27.so
7f3394fd8000-7f33951d7000 ---p 0000b000 08:01 2229912                    /lib/x86_64-linux-gnu/libnss_nis-2.27.so
7f33951d7000-7f33951d8000 r--p 0000a000 08:01 2229912                    /lib/x86_64-linux-gnu/libnss_nis-2.27.so
7f33951d8000-7f33951d9000 rw-p 0000b000 08:01 2229912                    /lib/x86_64-linux-gnu/libnss_nis-2.27.so
7f33951d9000-7f33951e1000 r-xp 00000000 08:01 2229896                    /lib/x86_64-linux-gnu/libnss_compat-2.27.so
7f33951e1000-7f33953e1000 ---p 00008000 08:01 2229896                    /lib/x86_64-linux-gnu/libnss_compat-2.27.so
7f33953e1000-7f33953e2000 r--p 00008000 08:01 2229896                    /lib/x86_64-linux-gnu/libnss_compat-2.27.so
7f33953e2000-7f33953e3000 rw-p 00009000 08:01 2229896                    /lib/x86_64-linux-gnu/libnss_compat-2.27.so
7f33953e3000-7f339540e000 r-xp 00000000 08:01 29633374                   /usr/lib/jvm/java-8-oracle/jre/lib/amd64/libjava.so
7f339540e000-7f339560d000 ---p 0002b000 08:01 29633374                   /usr/lib/jvm/java-8-oracle/jre/lib/amd64/libjava.so
7f339560d000-7f339560f000 rw-p 0002a000 08:01 29633374                   /usr/lib/jvm/java-8-oracle/jre/lib/amd64/libjava.so
7f339560f000-7f339561c000 r-xp 00000000 08:01 29633379                   /usr/lib/jvm/java-8-oracle/jre/lib/amd64/libverify.so
7f339561c000-7f339581c000 ---p 0000d000 08:01 29633379                   /usr/lib/jvm/java-8-oracle/jre/lib/amd64/libverify.so
7f339581c000-7f339581e000 rw-p 0000d000 08:01 29633379                   /usr/lib/jvm/java-8-oracle/jre/lib/amd64/libverify.so
7f339581e000-7f3395825000 r-xp 00000000 08:01 2229930                    /lib/x86_64-linux-gnu/librt-2.27.so
7f3395825000-7f3395a24000 ---p 00007000 08:01 2229930                    /lib/x86_64-linux-gnu/librt-2.27.so
7f3395a24000-7f3395a25000 r--p 00006000 08:01 2229930                    /lib/x86_64-linux-gnu/librt-2.27.so
7f3395a25000-7f3395a26000 rw-p 00007000 08:01 2229930                    /lib/x86_64-linux-gnu/librt-2.27.so
7f3395a26000-7f3395bc3000 r-xp 00000000 08:01 2229880                    /lib/x86_64-linux-gnu/libm-2.27.so
7f3395bc3000-7f3395dc2000 ---p 0019d000 08:01 2229880                    /lib/x86_64-linux-gnu/libm-2.27.so
7f3395dc2000-7f3395dc3000 r--p 0019c000 08:01 2229880                    /lib/x86_64-linux-gnu/libm-2.27.so
7f3395dc3000-7f3395dc4000 rw-p 0019d000 08:01 2229880                    /lib/x86_64-linux-gnu/libm-2.27.so
7f3395dc4000-7f3396a9d000 r-xp 00000000 08:01 29633356                   /usr/lib/jvm/java-8-oracle/jre/lib/amd64/server/libjvm.so
7f3396a9d000-7f3396c9c000 ---p 00cd9000 08:01 29633356                   /usr/lib/jvm/java-8-oracle/jre/lib/amd64/server/libjvm.so
7f3396c9c000-7f3396d76000 rw-p 00cd8000 08:01 29633356                   /usr/lib/jvm/java-8-oracle/jre/lib/amd64/server/libjvm.so
7f3396d76000-7f3396dc1000 rw-p 00000000 00:00 0 
7f3396dc1000-7f3396fa8000 r-xp 00000000 08:01 2229864                    /lib/x86_64-linux-gnu/libc-2.27.so
7f3396fa8000-7f33971a8000 ---p 001e7000 08:01 2229864                    /lib/x86_64-linux-gnu/libc-2.27.so
7f33971a8000-7f33971ac000 r--p 001e7000 08:01 2229864                    /lib/x86_64-linux-gnu/libc-2.27.so
7f33971ac000-7f33971ae000 rw-p 001eb000 08:01 2229864                    /lib/x86_64-linux-gnu/libc-2.27.so
7f33971ae000-7f33971b2000 rw-p 00000000 00:00 0 
7f33971b2000-7f33971b5000 r-xp 00000000 08:01 2229876                    /lib/x86_64-linux-gnu/libdl-2.27.so
7f33971b5000-7f33973b4000 ---p 00003000 08:01 2229876                    /lib/x86_64-linux-gnu/libdl-2.27.so
7f33973b4000-7f33973b5000 r--p 00002000 08:01 2229876                    /lib/x86_64-linux-gnu/libdl-2.27.so
7f33973b5000-7f33973b6000 rw-p 00003000 08:01 2229876                    /lib/x86_64-linux-gnu/libdl-2.27.so
7f33973b6000-7f33973cc000 r-xp 00000000 08:01 29235646                   /usr/lib/jvm/java-8-oracle/lib/amd64/jli/libjli.so
7f33973cc000-7f33975cb000 ---p 00016000 08:01 29235646                   /usr/lib/jvm/java-8-oracle/lib/amd64/jli/libjli.so
7f33975cb000-7f33975cc000 rw-p 00015000 08:01 29235646                   /usr/lib/jvm/java-8-oracle/lib/amd64/jli/libjli.so
7f33975cc000-7f33975e6000 r-xp 00000000 08:01 2229924                    /lib/x86_64-linux-gnu/libpthread-2.27.so
7f33975e6000-7f33977e5000 ---p 0001a000 08:01 2229924                    /lib/x86_64-linux-gnu/libpthread-2.27.so
7f33977e5000-7f33977e6000 r--p 00019000 08:01 2229924                    /lib/x86_64-linux-gnu/libpthread-2.27.so
7f33977e6000-7f33977e7000 rw-p 0001a000 08:01 2229924                    /lib/x86_64-linux-gnu/libpthread-2.27.so
7f33977e7000-7f33977eb000 rw-p 00000000 00:00 0 
7f33977eb000-7f3397812000 r-xp 00000000 08:01 2229848                    /lib/x86_64-linux-gnu/ld-2.27.so
7f3397812000-7f3397813000 r--s 00006000 08:01 14171281                   /home/testingteam/.m2/repository/org/noggit/noggit/0.8/noggit-0.8.jar
7f3397813000-7f3397818000 r--s 00084000 08:01 29235742                   /usr/lib/jvm/java-8-oracle/jre/lib/jfr.jar
7f3397818000-7f339781d000 r--s 002f9000 08:01 29235826                   /usr/lib/jvm/java-8-oracle/jre/lib/charsets.jar
7f339781d000-7f33978e8000 rw-p 00000000 00:00 0 
7f33978e8000-7f33978e9000 ---p 00000000 00:00 0 
7f33978e9000-7f33978ec000 ---p 00000000 00:00 0 
7f33978ec000-7f33979ed000 rw-p 00000000 00:00 0 
7f33979ed000-7f33979f0000 r--s 0001a000 08:01 29235969                   /usr/lib/jvm/java-8-oracle/jre/lib/jce.jar
7f33979f0000-7f33979f5000 r--s 0009d000 08:01 29235887                   /usr/lib/jvm/java-8-oracle/jre/lib/jsse.jar
7f33979f5000-7f3397a08000 r--s 00345000 08:01 29235868                   /usr/lib/jvm/java-8-oracle/jre/lib/resources.jar
7f3397a08000-7f3397a10000 rw-s 00000000 08:01 14830246                   /tmp/hsperfdata_testingteam/11922
7f3397a10000-7f3397a11000 rw-p 00000000 00:00 0 
7f3397a11000-7f3397a12000 r--p 00000000 00:00 0 
7f3397a12000-7f3397a13000 r--p 00027000 08:01 2229848                    /lib/x86_64-linux-gnu/ld-2.27.so
7f3397a13000-7f3397a14000 rw-p 00028000 08:01 2229848                    /lib/x86_64-linux-gnu/ld-2.27.so
7f3397a14000-7f3397a15000 rw-p 00000000 00:00 0 
7fffa4415000-7fffa4437000 rw-p 00000000 00:00 0                          [stack]
7fffa4530000-7fffa4533000 r--p 00000000 00:00 0                          [vvar]
7fffa4533000-7fffa4535000 r-xp 00000000 00:00 0                          [vdso]
ffffffffff600000-ffffffffff601000 r-xp 00000000 00:00 0                  [vsyscall]

VM Arguments:
jvm_args: -Dfile.encoding=UTF-8 
java_command: filterdata.WriteProductDetails
java_class_path (initial): /usr/lib/jvm/java-8-oracle/jre/lib/resources.jar:/usr/lib/jvm/java-8-oracle/jre/lib/rt.jar:/usr/lib/jvm/java-8-oracle/jre/lib/jsse.jar:/usr/lib/jvm/java-8-oracle/jre/lib/jce.jar:/usr/lib/jvm/java-8-oracle/jre/lib/charsets.jar:/usr/lib/jvm/java-8-oracle/jre/lib/jfr.jar:/usr/lib/jvm/java-8-oracle/jre/lib/ext/nashorn.jar:/usr/lib/jvm/java-8-oracle/jre/lib/ext/zipfs.jar:/usr/lib/jvm/java-8-oracle/jre/lib/ext/sunec.jar:/usr/lib/jvm/java-8-oracle/jre/lib/ext/sunpkcs11.jar:/usr/lib/jvm/java-8-oracle/jre/lib/ext/sunjce_provider.jar:/usr/lib/jvm/java-8-oracle/jre/lib/ext/localedata.jar:/usr/lib/jvm/java-8-oracle/jre/lib/ext/jfxrt.jar:/usr/lib/jvm/java-8-oracle/jre/lib/ext/cldrdata.jar:/usr/lib/jvm/java-8-oracle/jre/lib/ext/dnsns.jar:/usr/lib/jvm/java-8-oracle/jre/lib/ext/jaccess.jar:/home/testingteam/Santhosh/Projects/JAVA/ActiveMqWorkspace/filterdata/target/classes:/home/testingteam/.m2/repository/org/apache/poi/poi/3.17/poi-3.17.jar:/home/testingteam/.m2/repository/commons-codec/commons-codec/1.10/commons-codec-1.10.jar:/home/testingteam/.m2/repository/org/apache/commons/commons-collections4/4.1/commons-collections4-4.1.jar:/home/testingteam/.m2/repository/org/apache/poi/poi-ooxml/3.17/poi-ooxml-3.17.jar:/home/testingteam/.m2/repository/org/apache/poi/poi-ooxml-schemas/3.17/poi-ooxml-schemas-3.17.jar:/home/testingteam/.m2/repository/org/apache/xmlbeans/xmlbeans/2.6.0/xmlbeans-2.6.0.jar:/home/testingteam/.m2/repository/stax/stax-api/1.0.1/stax-api-1.0.1.jar:/home/testingteam/.m2/repository/com/github/virtuald/curvesapi/1.04/curvesapi-1.04.jar:/home/testingteam/.m2/repository/org/apache/solr/solr-solrj/7.4.0/solr-solrj-7.4.0.jar:/home/testingteam/.m2/repository/commons-io/commons-io/2.5/commons-io-2.5.jar:/home/testingteam/.m2/repository/org/apache/commons/commons-math3/3.6.1/commons-math3-3.6.1.jar:/home/testingteam/.m2/repository/org/apache/httpcomponents/httpclient/4.5.3/httpclient-4.5.3.jar:/home/testingteam/.m2/repository/org/apache/httpcomp
Launcher Type: SUN_STANDARD

Environment Variables:
JAVA_HOME=/usr/lib/jvm/java-8-oracle
PATH=/home/testingteam/bin:/home/testingteam/.local/bin:/usr/local/sbin:/usr/local/bin:/usr/sbin:/usr/bin:/sbin:/bin:/usr/games:/usr/local/games:/snap/bin:/usr/lib/jvm/java-8-oracle/bin:/usr/lib/jvm/java-8-oracle/db/bin:/usr/lib/jvm/java-8-oracle/jre/bin
USERNAME=testingteam
SHELL=/bin/bash
DISPLAY=:0

Signal Handlers:
SIGSEGV: [libjvm.so+0xad0890], sa_mask[0]=11111111011111111101111111111110, sa_flags=SA_RESTART|SA_SIGINFO
SIGBUS: [libjvm.so+0xad0890], sa_mask[0]=11111111011111111101111111111110, sa_flags=SA_RESTART|SA_SIGINFO
SIGFPE: [libjvm.so+0x928640], sa_mask[0]=11111111011111111101111111111110, sa_flags=SA_RESTART|SA_SIGINFO
SIGPIPE: [libjvm.so+0x928640], sa_mask[0]=11111111011111111101111111111110, sa_flags=SA_RESTART|SA_SIGINFO
SIGXFSZ: [libjvm.so+0x928640], sa_mask[0]=11111111011111111101111111111110, sa_flags=SA_RESTART|SA_SIGINFO
SIGILL: [libjvm.so+0x928640], sa_mask[0]=11111111011111111101111111111110, sa_flags=SA_RESTART|SA_SIGINFO
SIGUSR1: SIG_DFL, sa_mask[0]=00000000000000000000000000000000, sa_flags=none
SIGUSR2: [libjvm.so+0x929ea0], sa_mask[0]=00100000000000000000000000000000, sa_flags=SA_RESTART|SA_SIGINFO
SIGHUP: [libjvm.so+0x92b2a0], sa_mask[0]=11111111011111111101111111111110, sa_flags=SA_RESTART|SA_SIGINFO
SIGINT: [libjvm.so+0x92b2a0], sa_mask[0]=11111111011111111101111111111110, sa_flags=SA_RESTART|SA_SIGINFO
SIGTERM: [libjvm.so+0x92b2a0], sa_mask[0]=11111111011111111101111111111110, sa_flags=SA_RESTART|SA_SIGINFO
SIGQUIT: [libjvm.so+0x92b2a0], sa_mask[0]=11111111011111111101111111111110, sa_flags=SA_RESTART|SA_SIGINFO


---------------  S Y S T E M  ---------------

OS:DISTRIB_ID=Ubuntu
DISTRIB_RELEASE=18.04
DISTRIB_CODENAME=bionic
DISTRIB_DESCRIPTION="Ubuntu 18.04 LTS"

uname:Linux 4.15.0-23-generic #25-Ubuntu SMP Wed May 23 18:02:16 UTC 2018 x86_64
libc:glibc 2.27 NPTL 2.27 
rlimit: STACK 8192k, CORE 0k, NPROC 31327, NOFILE 4096, AS infinity
load average:0.50 1.01 1.94

/proc/meminfo:
MemTotal:        8078924 kB
MemFree:          312784 kB
MemAvailable:    3272264 kB
Buffers:           79340 kB
Cached:          3172424 kB
SwapCached:        80636 kB
Active:          5779820 kB
Inactive:        1546320 kB
Active(anon):    3400460 kB
Inactive(anon):   836792 kB
Active(file):    2379360 kB
Inactive(file):   709528 kB
Unevictable:         112 kB
Mlocked:             112 kB
SwapTotal:       8297468 kB
SwapFree:        7373820 kB
Dirty:               676 kB
Writeback:             0 kB
AnonPages:       4030304 kB
Mapped:           420984 kB
Shmem:            259580 kB
Slab:             294120 kB
SReclaimable:     175912 kB
SUnreclaim:       118208 kB
KernelStack:       14512 kB
PageTables:        65988 kB
NFS_Unstable:          0 kB
Bounce:                0 kB
WritebackTmp:          0 kB
CommitLimit:    12336928 kB
Committed_AS:   11254388 kB
VmallocTotal:   34359738367 kB
VmallocUsed:           0 kB
VmallocChunk:          0 kB
HardwareCorrupted:     0 kB
AnonHugePages:         0 kB
ShmemHugePages:        0 kB
ShmemPmdMapped:        0 kB
CmaTotal:              0 kB
CmaFree:               0 kB
HugePages_Total:       0
HugePages_Free:        0
HugePages_Rsvd:        0
HugePages_Surp:        0
Hugepagesize:       2048 kB
DirectMap4k:      357404 kB
DirectMap2M:     7942144 kB


CPU:total 4 (initial active 4) (4 cores per cpu, 1 threads per core) family 6 model 42 stepping 7, cmov, cx8, fxsr, mmx, sse, sse2, sse3, ssse3, sse4.1, sse4.2, popcnt, avx, aes, clmul, tsc, tscinvbit

/proc/cpuinfo:
processor	: 0
vendor_id	: GenuineIntel
cpu family	: 6
model		: 42
model name	: Intel(R) Core(TM) i5-2400 CPU @ 3.10GHz
stepping	: 7
microcode	: 0x2d
cpu MHz		: 2722.859
cache size	: 6144 KB
physical id	: 0
siblings	: 4
core id		: 0
cpu cores	: 4
apicid		: 0
initial apicid	: 0
fpu		: yes
fpu_exception	: yes
cpuid level	: 13
wp		: yes
flags		: fpu vme de pse tsc msr pae mce cx8 apic sep mtrr pge mca cmov pat pse36 clflush dts acpi mmx fxsr sse sse2 ss ht tm pbe syscall nx rdtscp lm constant_tsc arch_perfmon pebs bts rep_good nopl xtopology nonstop_tsc cpuid aperfmperf pni pclmulqdq dtes64 monitor ds_cpl vmx smx est tm2 ssse3 cx16 xtpr pdcm pcid sse4_1 sse4_2 x2apic popcnt tsc_deadline_timer aes xsave avx lahf_lm epb pti ibrs ibpb stibp tpr_shadow vnmi flexpriority ept vpid xsaveopt dtherm ida arat pln pts
bugs		: cpu_meltdown spectre_v1 spectre_v2 spec_store_bypass
bogomips	: 6185.89
clflush size	: 64
cache_alignment	: 64
address sizes	: 36 bits physical, 48 bits virtual
power management:

processor	: 1
vendor_id	: GenuineIntel
cpu family	: 6
model		: 42
model name	: Intel(R) Core(TM) i5-2400 CPU @ 3.10GHz
stepping	: 7
microcode	: 0x2d
cpu MHz		: 2718.047
cache size	: 6144 KB
physical id	: 0
siblings	: 4
core id		: 1
cpu cores	: 4
apicid		: 2
initial apicid	: 2
fpu		: yes
fpu_exception	: yes
cpuid level	: 13
wp		: yes
flags		: fpu vme de pse tsc msr pae mce cx8 apic sep mtrr pge mca cmov pat pse36 clflush dts acpi mmx fxsr sse sse2 ss ht tm pbe syscall nx rdtscp lm constant_tsc arch_perfmon pebs bts rep_good nopl xtopology nonstop_tsc cpuid aperfmperf pni pclmulqdq dtes64 monitor ds_cpl vmx smx est tm2 ssse3 cx16 xtpr pdcm pcid sse4_1 sse4_2 x2apic popcnt tsc_deadline_timer aes xsave avx lahf_lm epb pti ibrs ibpb stibp tpr_shadow vnmi flexpriority ept vpid xsaveopt dtherm ida arat pln pts
bugs		: cpu_meltdown spectre_v1 spectre_v2 spec_store_bypass
bogomips	: 6185.89
clflush size	: 64
cache_alignment	: 64
address sizes	: 36 bits physical, 48 bits virtual
power management:

processor	: 2
vendor_id	: GenuineIntel
cpu family	: 6
model		: 42
model name	: Intel(R) Core(TM) i5-2400 CPU @ 3.10GHz
stepping	: 7
microcode	: 0x2d
cpu MHz		: 2437.444
cache size	: 6144 KB
physical id	: 0
siblings	: 4
core id		: 2
cpu cores	: 4
apicid		: 4
initial apicid	: 4
fpu		: yes
fpu_exception	: yes
cpuid level	: 13
wp		: yes
flags		: fpu vme de pse tsc msr pae mce cx8 apic sep mtrr pge mca cmov pat pse36 clflush dts acpi mmx fxsr sse sse2 ss ht tm pbe syscall nx rdtscp lm constant_tsc arch_perfmon pebs bts rep_good nopl xtopology nonstop_tsc cpuid aperfmperf pni pclmulqdq dtes64 monitor ds_cpl vmx smx est tm2 ssse3 cx16 xtpr pdcm pcid sse4_1 sse4_2 x2apic popcnt tsc_deadline_timer aes xsave avx lahf_lm epb pti ibrs ibpb stibp tpr_shadow vnmi flexpriority ept vpid xsaveopt dtherm ida arat pln pts
bugs		: cpu_meltdown spectre_v1 spectre_v2 spec_store_bypass
bogomips	: 6185.89
clflush size	: 64
cache_alignment	: 64
address sizes	: 36 bits physical, 48 bits virtual
power management:

processor	: 3
vendor_id	: GenuineIntel
cpu family	: 6
model		: 42
model name	: Intel(R) Core(TM) i5-2400 CPU @ 3.10GHz
stepping	: 7
microcode	: 0x2d
cpu MHz		: 2620.108
cache size	: 6144 KB
physical id	: 0
siblings	: 4
core id		: 3
cpu cores	: 4
apicid		: 6
initial apicid	: 6
fpu		: yes
fpu_exception	: yes
cpuid level	: 13
wp		: yes
flags		: fpu vme de pse tsc msr pae mce cx8 apic sep mtrr pge mca cmov pat pse36 clflush dts acpi mmx fxsr sse sse2 ss ht tm pbe syscall nx rdtscp lm constant_tsc arch_perfmon pebs bts rep_good nopl xtopology nonstop_tsc cpuid aperfmperf pni pclmulqdq dtes64 monitor ds_cpl vmx smx est tm2 ssse3 cx16 xtpr pdcm pcid sse4_1 sse4_2 x2apic popcnt tsc_deadline_timer aes xsave avx lahf_lm epb pti ibrs ibpb stibp tpr_shadow vnmi flexpriority ept vpid xsaveopt dtherm ida arat pln pts
bugs		: cpu_meltdown spectre_v1 spectre_v2 spec_store_bypass
bogomips	: 6185.89
clflush size	: 64
cache_alignment	: 64
address sizes	: 36 bits physical, 48 bits virtual
power management:



Memory: 4k page, physical 8078924k(312784k free), swap 8297468k(7373820k free)

vm_info: Java HotSpot(TM) 64-Bit Server VM (25.171-b11) for linux-amd64 JRE (1.8.0_171-b11), built on Mar 28 2018 17:07:08 by "java_re" with gcc 4.3.0 20080428 (Red Hat 4.3.0-8)

time: Wed Jul  4 15:40:12 2018
elapsed time: 1 seconds (0d 0h 0m 1s)

